[debug] [2022-03-21T05:30:21.960Z] ----------------------------------------------------------------------
[debug] [2022-03-21T05:30:21.961Z] Command:       C:\Program Files\nodejs\node.exe D:\usr\local\node_modules\firebase-tools\lib\bin\firebase.js init
[debug] [2022-03-21T05:30:21.962Z] CLI Version:   10.4.0
[debug] [2022-03-21T05:30:21.962Z] Platform:      win32
[debug] [2022-03-21T05:30:21.962Z] Node Version:  v16.13.1
[debug] [2022-03-21T05:30:21.962Z] Time:          Mon Mar 21 2022 11:00:21 GMT+0530 (India Standard Time)
[debug] [2022-03-21T05:30:21.963Z] ----------------------------------------------------------------------
[debug] 
[debug] [2022-03-21T05:30:22.025Z] > command requires scopes: ["email","openid","https://www.googleapis.com/auth/cloudplatformprojects.readonly","https://www.googleapis.com/auth/firebase","https://www.googleapis.com/auth/cloud-platform"]
[debug] [2022-03-21T05:30:22.026Z] > authorizing via signed-in user (nihalkumar662001@gmail.com)
[info] 
     ######## #### ########  ######## ########     ###     ######  ########
     ##        ##  ##     ## ##       ##     ##  ##   ##  ##       ##
     ######    ##  ########  ######   ########  #########  ######  ######
     ##        ##  ##    ##  ##       ##     ## ##     ##       ## ##
     ##       #### ##     ## ######## ########  ##     ##  ######  ########

You're about to initialize a Firebase project in this directory:

  D:\Programme\Web Dev\React\amazon-clone

Before we get started, keep in mind:

  * You are initializing within an existing Firebase project directory

